<?xml version="1.0" encoding="UTF-8"?>
<!-- Generated by org.testng.reporters.JUnitReportReporter -->
<testsuite skipped="0" hostname="DESKTOP-OEGT8E1" name="tests.AmazonPayPageTest" tests="4" failures="0" timestamp="11 Jul 2018 19:25:41 GMT" time="61.595" errors="0">
  <testcase name="addressTabPresence" time="0.644" classname="tests.AmazonPayPageTest"/>
  <testcase name="AmazonPayPagelinkPresence" time="1.560" classname="tests.AmazonPayPageTest"/>
  <testcase name="HomePageSearchBoxPresence" time="3.023" classname="tests.AmazonPayPageTest"/>
  <testcase name="todaysDealLinkPresence" time="56.368" classname="tests.AmazonPayPageTest"/>
</testsuite> <!-- tests.AmazonPayPageTest -->
