<?xml version="1.0" encoding="UTF-8"?>
<!-- Generated by org.testng.reporters.JUnitReportReporter -->
<testsuite skipped="0" hostname="DESKTOP-OEGT8E1" name="tests.HomePageTest" tests="2" failures="0" timestamp="11 Jul 2018 17:35:41 GMT" time="5.231" errors="0">
  <testcase name="addressTabPresence" time="1.644" classname="tests.HomePageTest"/>
  <testcase name="HomePageSearchBoxPresence" time="3.587" classname="tests.HomePageTest"/>
</testsuite> <!-- tests.HomePageTest -->
