<?xml version="1.0" encoding="UTF-8"?>
<!-- Generated by org.testng.reporters.JUnitReportReporter -->
<testsuite skipped="0" hostname="DESKTOP-OEGT8E1" name="tests.DashBoardElementsTest" tests="5" failures="0" timestamp="11 Jul 2018 20:41:51 GMT" time="66.775" errors="0">
  <testcase name="HomePageSearchBoxPresence" time="3.637" classname="tests.DashBoardElementsTest"/>
  <testcase name="addressTabPresence" time="0.795" classname="tests.DashBoardElementsTest"/>
  <testcase name="todaysDealLinkPresence" time="58.199" classname="tests.DashBoardElementsTest"/>
  <testcase name="yourOdersMembershipElementPesence" time="1.657" classname="tests.DashBoardElementsTest"/>
  <testcase name="AmazonPayPagelinkPresence" time="2.487" classname="tests.DashBoardElementsTest"/>
</testsuite> <!-- tests.DashBoardElementsTest -->
